[ 2017-02-28T09:23:18+08:00 ] 42.224.161.162 /
INFO: [ app_init ] --START--
INFO: Run Behavior\BuildLiteBehavior [ RunTime:0.000012s ]
INFO: [ app_init ] --END-- [ RunTime:0.000289s ]
INFO: [ app_begin ] --START--
INFO: Run Behavior\ReadHtmlCacheBehavior [ RunTime:0.000382s ]
INFO: [ app_begin ] --END-- [ RunTime:0.000418s ]
SQL: SHOW COLUMNS FROM `f_article` [ RunTime:0.0005s ]
INFO: [ view_parse ] --START--
INFO: [ template_filter ] --START--
INFO: Run Behavior\ContentReplaceBehavior [ RunTime:0.000029s ]
INFO: [ template_filter ] --END-- [ RunTime:0.000067s ]
INFO: Run Behavior\ParseTemplateBehavior [ RunTime:0.004518s ]
INFO: [ view_parse ] --END-- [ RunTime:0.004555s ]
INFO: [ view_filter ] --START--
INFO: Run Behavior\WriteHtmlCacheBehavior [ RunTime:0.000176s ]
INFO: [ view_filter ] --END-- [ RunTime:0.000203s ]
INFO: [ app_end ] --START--
INFO: Run Behavior\ShowPageTraceBehavior [ RunTime:0.000411s ]
INFO: [ app_end ] --END-- [ RunTime:0.000443s ]

[ 2017-02-28T09:23:19+08:00 ] 42.224.161.162 /favicon.ico
INFO: [ app_init ] --START--
INFO: Run Behavior\BuildLiteBehavior [ RunTime:0.000016s ]
INFO: [ app_init ] --END-- [ RunTime:0.000363s ]

[ 2017-02-28T09:26:44+08:00 ] 42.224.161.162 /index-appointment.html
INFO: [ app_init ] --START--
INFO: Run Behavior\BuildLiteBehavior [ RunTime:0.000017s ]
INFO: [ app_init ] --END-- [ RunTime:0.000387s ]
INFO: [ app_begin ] --START--
INFO: Run Behavior\ReadHtmlCacheBehavior [ RunTime:0.000592s ]
INFO: [ app_begin ] --END-- [ RunTime:0.000641s ]
SQL: SHOW COLUMNS FROM `f_article` [ RunTime:0.0007s ]
INFO: [ view_parse ] --START--
INFO: [ template_filter ] --START--
INFO: Run Behavior\ContentReplaceBehavior [ RunTime:0.000040s ]
INFO: [ template_filter ] --END-- [ RunTime:0.000080s ]
INFO: Run Behavior\ParseTemplateBehavior [ RunTime:0.006751s ]
INFO: [ view_parse ] --END-- [ RunTime:0.006809s ]
INFO: [ view_filter ] --START--
INFO: Run Behavior\WriteHtmlCacheBehavior [ RunTime:0.000181s ]
INFO: [ view_filter ] --END-- [ RunTime:0.000209s ]
INFO: [ app_end ] --START--
INFO: Run Behavior\ShowPageTraceBehavior [ RunTime:0.000399s ]
INFO: [ app_end ] --END-- [ RunTime:0.000435s ]

[ 2017-02-28T09:26:50+08:00 ] 42.224.161.162 /list-sublist-subid-24.html
INFO: [ app_init ] --START--
INFO: Run Behavior\BuildLiteBehavior [ RunTime:0.000012s ]
INFO: [ app_init ] --END-- [ RunTime:0.000266s ]
INFO: [ app_begin ] --START--
INFO: Run Behavior\ReadHtmlCacheBehavior [ RunTime:0.000391s ]
INFO: [ app_begin ] --END-- [ RunTime:0.000427s ]
SQL: SHOW COLUMNS FROM `f_article` [ RunTime:0.0005s ]
SQL: SHOW COLUMNS FROM `f_category` [ RunTime:0.0003s ]
SQL: SELECT `pid`,`model_name` FROM `f_category` WHERE `id` = 24 LIMIT 1   [ RunTime:0.0001s ]
SQL: SELECT `id`,`name`,`pid`,`display` FROM `f_category` WHERE `pid` = 6  [ RunTime:0.0001s ]
SQL: SELECT COUNT(*) AS tp_count FROM `f_article` WHERE `cate_id` = 24 LIMIT 1   [ RunTime:0.0001s ]
SQL: SELECT * FROM `f_article` WHERE `cate_id` = 24 ORDER BY sort desc,pub_time desc,id desc LIMIT 0,3   [ RunTime:0.0001s ]
INFO: [ view_parse ] --START--
INFO: [ template_filter ] --START--
INFO: Run Behavior\ContentReplaceBehavior [ RunTime:0.000033s ]
INFO: [ template_filter ] --END-- [ RunTime:0.000084s ]
INFO: Run Behavior\ParseTemplateBehavior [ RunTime:0.005963s ]
INFO: [ view_parse ] --END-- [ RunTime:0.006005s ]
INFO: [ view_filter ] --START--
INFO: Run Behavior\WriteHtmlCacheBehavior [ RunTime:0.000166s ]
INFO: [ view_filter ] --END-- [ RunTime:0.000212s ]
INFO: [ app_end ] --START--
INFO: Run Behavior\ShowPageTraceBehavior [ RunTime:0.000411s ]
INFO: [ app_end ] --END-- [ RunTime:0.000445s ]

[ 2017-02-28T09:26:53+08:00 ] 42.224.161.162 /Appointment-index-id-2.html
INFO: [ app_init ] --START--
INFO: Run Behavior\BuildLiteBehavior [ RunTime:0.000017s ]
INFO: [ app_init ] --END-- [ RunTime:0.000416s ]
INFO: [ app_begin ] --START--
INFO: Run Behavior\ReadHtmlCacheBehavior [ RunTime:0.000623s ]
INFO: [ app_begin ] --END-- [ RunTime:0.000676s ]
SQL: SHOW COLUMNS FROM `f_article` [ RunTime:0.0007s ]
SQL: SELECT * FROM `f_article` WHERE `id` = 2 LIMIT 1   [ RunTime:0.0001s ]
INFO: [ view_parse ] --START--
INFO: [ template_filter ] --START--
INFO: Run Behavior\ContentReplaceBehavior [ RunTime:0.000048s ]
INFO: [ template_filter ] --END-- [ RunTime:0.000103s ]
INFO: Run Behavior\ParseTemplateBehavior [ RunTime:0.008464s ]
INFO: [ view_parse ] --END-- [ RunTime:0.008521s ]
INFO: [ view_filter ] --START--
INFO: Run Behavior\WriteHtmlCacheBehavior [ RunTime:0.000269s ]
INFO: [ view_filter ] --END-- [ RunTime:0.000316s ]
INFO: [ app_end ] --START--
INFO: Run Behavior\ShowPageTraceBehavior [ RunTime:0.000624s ]
INFO: [ app_end ] --END-- [ RunTime:0.000677s ]

[ 2017-02-28T15:06:27+08:00 ] 42.224.161.162 /list-index-cid-1.html
INFO: [ app_init ] --START--
INFO: Run Behavior\BuildLiteBehavior [ RunTime:0.000014s ]
INFO: [ app_init ] --END-- [ RunTime:0.000415s ]
INFO: [ app_begin ] --START--
INFO: Run Behavior\ReadHtmlCacheBehavior [ RunTime:0.000666s ]
INFO: [ app_begin ] --END-- [ RunTime:0.000748s ]
SQL: SHOW COLUMNS FROM `f_article` [ RunTime:0.0005s ]
SQL: SHOW COLUMNS FROM `f_category` [ RunTime:0.0003s ]
SQL: SELECT `id`,`name`,`pid`,`display` FROM `f_category` WHERE `pid` = 1  [ RunTime:0.0001s ]
SQL: SELECT COUNT(*) AS tp_count FROM `f_article` WHERE `cate_id` = 7 LIMIT 1   [ RunTime:0.0001s ]
SQL: SELECT * FROM `f_article` WHERE `cate_id` = 7 ORDER BY sort desc,pub_time desc,id desc LIMIT 0,6   [ RunTime:0.0001s ]
INFO: [ view_parse ] --START--
INFO: [ template_filter ] --START--
INFO: Run Behavior\ContentReplaceBehavior [ RunTime:0.000032s ]
INFO: [ template_filter ] --END-- [ RunTime:0.000068s ]
INFO: Run Behavior\ParseTemplateBehavior [ RunTime:0.006194s ]
INFO: [ view_parse ] --END-- [ RunTime:0.006235s ]
INFO: [ view_filter ] --START--
INFO: Run Behavior\WriteHtmlCacheBehavior [ RunTime:0.000170s ]
INFO: [ view_filter ] --END-- [ RunTime:0.000201s ]
INFO: [ app_end ] --START--
INFO: Run Behavior\ShowPageTraceBehavior [ RunTime:0.000419s ]
INFO: [ app_end ] --END-- [ RunTime:0.000455s ]

[ 2017-02-28T15:06:33+08:00 ] 42.224.161.162 /List-index-cid-1-cate_id-7-p-2.html
INFO: [ app_init ] --START--
INFO: Run Behavior\BuildLiteBehavior [ RunTime:0.000018s ]
INFO: [ app_init ] --END-- [ RunTime:0.000413s ]
INFO: [ app_begin ] --START--
INFO: Run Behavior\ReadHtmlCacheBehavior [ RunTime:0.000479s ]
INFO: [ app_begin ] --END-- [ RunTime:0.000523s ]
SQL: SHOW COLUMNS FROM `f_article` [ RunTime:0.0006s ]
SQL: SHOW COLUMNS FROM `f_category` [ RunTime:0.0004s ]
SQL: SELECT `id`,`name`,`pid`,`display` FROM `f_category` WHERE `pid` = 1  [ RunTime:0.0001s ]
SQL: SELECT COUNT(*) AS tp_count FROM `f_article` WHERE `cate_id` = 7 LIMIT 1   [ RunTime:0.0001s ]
SQL: SELECT * FROM `f_article` WHERE `cate_id` = 7 ORDER BY sort desc,pub_time desc,id desc LIMIT 6,6   [ RunTime:0.0001s ]
INFO: [ view_parse ] --START--
INFO: [ template_filter ] --START--
INFO: Run Behavior\ContentReplaceBehavior [ RunTime:0.000034s ]
INFO: [ template_filter ] --END-- [ RunTime:0.000069s ]
INFO: Run Behavior\ParseTemplateBehavior [ RunTime:0.005965s ]
INFO: [ view_parse ] --END-- [ RunTime:0.006002s ]
INFO: [ view_filter ] --START--
INFO: Run Behavior\WriteHtmlCacheBehavior [ RunTime:0.000165s ]
INFO: [ view_filter ] --END-- [ RunTime:0.000192s ]
INFO: [ app_end ] --START--
INFO: Run Behavior\ShowPageTraceBehavior [ RunTime:0.000381s ]
INFO: [ app_end ] --END-- [ RunTime:0.000426s ]

[ 2017-02-28T15:06:37+08:00 ] 42.224.161.162 /List-index-cid-1-cate_id-7-p-3.html
INFO: [ app_init ] --START--
INFO: Run Behavior\BuildLiteBehavior [ RunTime:0.000016s ]
INFO: [ app_init ] --END-- [ RunTime:0.000293s ]
INFO: [ app_begin ] --START--
INFO: Run Behavior\ReadHtmlCacheBehavior [ RunTime:0.000425s ]
INFO: [ app_begin ] --END-- [ RunTime:0.000475s ]
SQL: SHOW COLUMNS FROM `f_article` [ RunTime:0.0007s ]
SQL: SHOW COLUMNS FROM `f_category` [ RunTime:0.0005s ]
SQL: SELECT `id`,`name`,`pid`,`display` FROM `f_category` WHERE `pid` = 1  [ RunTime:0.0001s ]
SQL: SELECT COUNT(*) AS tp_count FROM `f_article` WHERE `cate_id` = 7 LIMIT 1   [ RunTime:0.0001s ]
SQL: SELECT * FROM `f_article` WHERE `cate_id` = 7 ORDER BY sort desc,pub_time desc,id desc LIMIT 12,6   [ RunTime:0.0003s ]
INFO: [ view_parse ] --START--
INFO: [ template_filter ] --START--
INFO: Run Behavior\ContentReplaceBehavior [ RunTime:0.000048s ]
INFO: [ template_filter ] --END-- [ RunTime:0.000098s ]
INFO: Run Behavior\ParseTemplateBehavior [ RunTime:0.006574s ]
INFO: [ view_parse ] --END-- [ RunTime:0.006615s ]
INFO: [ view_filter ] --START--
INFO: Run Behavior\WriteHtmlCacheBehavior [ RunTime:0.000167s ]
INFO: [ view_filter ] --END-- [ RunTime:0.000197s ]
INFO: [ app_end ] --START--
INFO: Run Behavior\ShowPageTraceBehavior [ RunTime:0.000454s ]
INFO: [ app_end ] --END-- [ RunTime:0.000490s ]

[ 2017-02-28T15:06:40+08:00 ] 42.224.161.162 /list-sublist-subid-8.html
INFO: [ app_init ] --START--
INFO: Run Behavior\BuildLiteBehavior [ RunTime:0.000020s ]
INFO: [ app_init ] --END-- [ RunTime:0.000445s ]
INFO: [ app_begin ] --START--
INFO: Run Behavior\ReadHtmlCacheBehavior [ RunTime:0.000599s ]
INFO: [ app_begin ] --END-- [ RunTime:0.000657s ]
SQL: SHOW COLUMNS FROM `f_article` [ RunTime:0.0007s ]
SQL: SHOW COLUMNS FROM `f_category` [ RunTime:0.0004s ]
SQL: SELECT `pid`,`model_name` FROM `f_category` WHERE `id` = 8 LIMIT 1   [ RunTime:0.0001s ]
SQL: SELECT `id`,`name`,`pid`,`display` FROM `f_category` WHERE `pid` = 1  [ RunTime:0.0001s ]
SQL: SELECT COUNT(*) AS tp_count FROM `f_article` WHERE `cate_id` = 8 LIMIT 1   [ RunTime:0.0001s ]
SQL: SELECT * FROM `f_article` WHERE `cate_id` = 8 ORDER BY sort desc,pub_time desc,id desc LIMIT 0,6   [ RunTime:0.0001s ]
INFO: [ view_parse ] --START--
INFO: [ template_filter ] --START--
INFO: Run Behavior\ContentReplaceBehavior [ RunTime:0.000055s ]
INFO: [ template_filter ] --END-- [ RunTime:0.000124s ]
INFO: Run Behavior\ParseTemplateBehavior [ RunTime:0.009630s ]
INFO: [ view_parse ] --END-- [ RunTime:0.009688s ]
INFO: [ view_filter ] --START--
INFO: Run Behavior\WriteHtmlCacheBehavior [ RunTime:0.000258s ]
INFO: [ view_filter ] --END-- [ RunTime:0.000296s ]
INFO: [ app_end ] --START--
INFO: Run Behavior\ShowPageTraceBehavior [ RunTime:0.000665s ]
INFO: [ app_end ] --END-- [ RunTime:0.000716s ]

[ 2017-02-28T15:06:43+08:00 ] 42.224.161.162 /list-sublist-subid-7.html
INFO: [ app_init ] --START--
INFO: Run Behavior\BuildLiteBehavior [ RunTime:0.000020s ]
INFO: [ app_init ] --END-- [ RunTime:0.000422s ]
INFO: [ app_begin ] --START--
INFO: Run Behavior\ReadHtmlCacheBehavior [ RunTime:0.000640s ]
INFO: [ app_begin ] --END-- [ RunTime:0.000697s ]
SQL: SHOW COLUMNS FROM `f_article` [ RunTime:0.0007s ]
SQL: SHOW COLUMNS FROM `f_category` [ RunTime:0.0003s ]
SQL: SELECT `pid`,`model_name` FROM `f_category` WHERE `id` = 7 LIMIT 1   [ RunTime:0.0001s ]
SQL: SELECT `id`,`name`,`pid`,`display` FROM `f_category` WHERE `pid` = 1  [ RunTime:0.0001s ]
SQL: SELECT COUNT(*) AS tp_count FROM `f_article` WHERE `cate_id` = 7 LIMIT 1   [ RunTime:0.0000s ]
SQL: SELECT * FROM `f_article` WHERE `cate_id` = 7 ORDER BY sort desc,pub_time desc,id desc LIMIT 0,6   [ RunTime:0.0001s ]
INFO: [ view_parse ] --START--
INFO: [ template_filter ] --START--
INFO: Run Behavior\ContentReplaceBehavior [ RunTime:0.000057s ]
INFO: [ template_filter ] --END-- [ RunTime:0.000131s ]
INFO: Run Behavior\ParseTemplateBehavior [ RunTime:0.010474s ]
INFO: [ view_parse ] --END-- [ RunTime:0.010567s ]
INFO: [ view_filter ] --START--
INFO: Run Behavior\WriteHtmlCacheBehavior [ RunTime:0.000265s ]
INFO: [ view_filter ] --END-- [ RunTime:0.000312s ]
INFO: [ app_end ] --START--
INFO: Run Behavior\ShowPageTraceBehavior [ RunTime:0.000666s ]
INFO: [ app_end ] --END-- [ RunTime:0.000723s ]

[ 2017-02-28T15:06:44+08:00 ] 42.224.161.162 /index-index.html
INFO: [ app_init ] --START--
INFO: Run Behavior\BuildLiteBehavior [ RunTime:0.000017s ]
INFO: [ app_init ] --END-- [ RunTime:0.000386s ]
INFO: [ app_begin ] --START--
INFO: Run Behavior\ReadHtmlCacheBehavior [ RunTime:0.000562s ]
INFO: [ app_begin ] --END-- [ RunTime:0.000620s ]
SQL: SHOW COLUMNS FROM `f_article` [ RunTime:0.0005s ]
INFO: [ view_parse ] --START--
INFO: [ template_filter ] --START--
INFO: Run Behavior\ContentReplaceBehavior [ RunTime:0.000032s ]
INFO: [ template_filter ] --END-- [ RunTime:0.000076s ]
INFO: Run Behavior\ParseTemplateBehavior [ RunTime:0.004585s ]
INFO: [ view_parse ] --END-- [ RunTime:0.004620s ]
INFO: [ view_filter ] --START--
INFO: Run Behavior\WriteHtmlCacheBehavior [ RunTime:0.000167s ]
INFO: [ view_filter ] --END-- [ RunTime:0.000194s ]
INFO: [ app_end ] --START--
INFO: Run Behavior\ShowPageTraceBehavior [ RunTime:0.000494s ]
INFO: [ app_end ] --END-- [ RunTime:0.000539s ]

